# JRE version: OpenJDK Runtime Environment (8.0_152-b01) (build 1.8.0_152-release-915-b01)
# Java VM: OpenJDK 64-Bit Server VM (25.152-b01 mixed mode windows-amd64 compressed oops)
Heap:
 PSYoungGen      total 17920K, used 13907K [0x00000000ec700000, 0x00000000edb00000, 0x0000000100000000)
  eden space 15360K, 90% used [0x00000000ec700000,0x00000000ed494df0,0x00000000ed600000)
  from space 2560K, 0% used [0x00000000ed600000,0x00000000ed600000,0x00000000ed880000)
  to   space 2560K, 0% used [0x00000000ed880000,0x00000000ed880000,0x00000000edb00000)
 ParOldGen       total 35840K, used 4874K [0x00000000c5400000, 0x00000000c7700000, 0x00000000ec700000)
  object space 35840K, 13% used [0x00000000c5400000,0x00000000c58c2840,0x00000000c7700000)
 Metaspace       used 15793K, capacity 16058K, committed 16384K, reserved 1069056K
  class space    used 1922K, capacity 2011K, committed 2048K, reserved 1048576K
GC Heap History (8 events):
Event: 1.805 GC heap before
{Heap before GC invocations=1 (full 0):
 PSYoungGen      total 17920K, used 15360K [0x00000000ec700000, 0x00000000edb00000, 0x0000000100000000)
  eden space 15360K, 100% used [0x00000000ec700000,0x00000000ed600000,0x00000000ed600000)
  from space 2560K, 0% used [0x00000000ed880000,0x00000000ed880000,0x00000000edb00000)
  to   space 2560K, 0% used [0x00000000ed600000,0x00000000ed600000,0x00000000ed880000)
 ParOldGen       total 40960K, used 0K [0x00000000c5400000, 0x00000000c7c00000, 0x00000000ec700000)
  object space 40960K, 0% used [0x00000000c5400000,0x00000000c5400000,0x00000000c7c00000)
 Metaspace       used 6421K, capacity 7500K, committed 7680K, reserved 1056768K
  class space    used 689K, capacity 712K, committed 768K, reserved 1048576K
Event: 1.811 GC heap after
Heap after GC invocations=1 (full 0):
 PSYoungGen      total 17920K, used 2554K [0x00000000ec700000, 0x00000000edb00000, 0x0000000100000000)
  eden space 15360K, 0% used [0x00000000ec700000,0x00000000ec700000,0x00000000ed600000)
  from space 2560K, 99% used [0x00000000ed600000,0x00000000ed87e9a8,0x00000000ed880000)
  to   space 2560K, 0% used [0x00000000ed880000,0x00000000ed880000,0x00000000edb00000)
 ParOldGen       total 40960K, used 1222K [0x00000000c5400000, 0x00000000c7c00000, 0x00000000ec700000)
  object space 40960K, 2% used [0x00000000c5400000,0x00000000c5531aa0,0x00000000c7c00000)
 Metaspace       used 6421K, capacity 7500K, committed 7680K, reserved 1056768K
  class space    used 689K, capacity 712K, committed 768K, reserved 1048576K
}
Event: 2.547 GC heap before
{Heap before GC invocations=2 (full 0):
 PSYoungGen      total 17920K, used 17914K [0x00000000ec700000, 0x00000000edb00000, 0x0000000100000000)
  eden space 15360K, 100% used [0x00000000ec700000,0x00000000ed600000,0x00000000ed600000)
  from space 2560K, 99% used [0x00000000ed600000,0x00000000ed87e9a8,0x00000000ed880000)
  to   space 2560K, 0% used [0x00000000ed880000,0x00000000ed880000,0x00000000edb00000)
 ParOldGen       total 40960K, used 1222K [0x00000000c5400000, 0x00000000c7c00000, 0x00000000ec700000)
  object space 40960K, 2% used [0x00000000c5400000,0x00000000c5531aa0,0x00000000c7c00000)
 Metaspace       used 8905K, capacity 9652K, committed 9856K, reserved 1060864K
  class space    used 1012K, capacity 1072K, committed 1152K, reserved 1048576K
Event: 2.554 GC heap after
Heap after GC invocations=2 (full 0):
 PSYoungGen      total 17920K, used 2548K [0x00000000ec700000, 0x00000000edb00000, 0x0000000100000000)
  eden space 15360K, 0% used [0x00000000ec700000,0x00000000ec700000,0x00000000ed600000)
  from space 2560K, 99% used [0x00000000ed880000,0x00000000edafd398,0x00000000edb00000)
  to   space 2560K, 0% used [0x00000000ed600000,0x00000000ed600000,0x00000000ed880000)
 ParOldGen       total 40960K, used 3324K [0x00000000c5400000, 0x00000000c7c00000, 0x00000000ec700000)
  object space 40960K, 8% used [0x00000000c5400000,0x00000000c573f1e0,0x00000000c7c00000)
 Metaspace       used 8905K, capacity 9652K, committed 9856K, reserved 1060864K
  class space    used 1012K, capacity 1072K, committed 1152K, reserved 1048576K
}
Event: 4.001 GC heap before
{Heap before GC invocations=3 (full 0):
 PSYoungGen      total 17920K, used 14663K [0x00000000ec700000, 0x00000000edb00000, 0x0000000100000000)
  eden space 15360K, 78% used [0x00000000ec700000,0x00000000ed2d4930,0x00000000ed600000)
  from space 2560K, 99% used [0x00000000ed880000,0x00000000edafd398,0x00000000edb00000)
  to   space 2560K, 0% used [0x00000000ed600000,0x00000000ed600000,0x00000000ed880000)
 ParOldGen       total 40960K, used 3324K [0x00000000c5400000, 0x00000000c7c00000, 0x00000000ec700000)
  object space 40960K, 8% used [0x00000000c5400000,0x00000000c573f1e0,0x00000000c7c00000)
 Metaspace       used 12754K, capacity 12980K, committed 13184K, reserved 1067008K
  class space    used 1492K, capacity 1578K, committed 1664K, reserved 1048576K
Event: 4.017 GC heap after
Heap after GC invocations=3 (full 0):
 PSYoungGen      total 17920K, used 2544K [0x00000000ec700000, 0x00000000edb00000, 0x0000000100000000)
  eden space 15360K, 0% used [0x00000000ec700000,0x00000000ec700000,0x00000000ed600000)
  from space 2560K, 99% used [0x00000000ed600000,0x00000000ed87c010,0x00000000ed880000)
  to   space 2560K, 0% used [0x00000000ed880000,0x00000000ed880000,0x00000000edb00000)
 ParOldGen       total 40960K, used 5774K [0x00000000c5400000, 0x00000000c7c00000, 0x00000000ec700000)
  object space 40960K, 14% used [0x00000000c5400000,0x00000000c59a3958,0x00000000c7c00000)
 Metaspace       used 12754K, capacity 12980K, committed 13184K, reserved 1067008K
  class space    used 1492K, capacity 1578K, committed 1664K, reserved 1048576K
}
Event: 4.017 GC heap before
{Heap before GC invocations=4 (full 1):
 PSYoungGen      total 17920K, used 2544K [0x00000000ec700000, 0x00000000edb00000, 0x0000000100000000)
  eden space 15360K, 0% used [0x00000000ec700000,0x00000000ec700000,0x00000000ed600000)
  from space 2560K, 99% used [0x00000000ed600000,0x00000000ed87c010,0x00000000ed880000)
  to   space 2560K, 0% used [0x00000000ed880000,0x00000000ed880000,0x00000000edb00000)
 ParOldGen       total 40960K, used 5774K [0x00000000c5400000, 0x00000000c7c00000, 0x00000000ec700000)
  object space 40960K, 14% used [0x00000000c5400000,0x00000000c59a3958,0x00000000c7c00000)
 Metaspace       used 12754K, capacity 12980K, committed 13184K, reserved 1067008K
  class space    used 1492K, capacity 1578K, committed 1664K, reserved 1048576K
Event: 4.132 GC heap after
Heap after GC invocations=4 (full 1):
 PSYoungGen      total 17920K, used 0K [0x00000000ec700000, 0x00000000edb00000, 0x0000000100000000)
  eden space 15360K, 0% used [0x00000000ec700000,0x00000000ec700000,0x00000000ed600000)
  from space 2560K, 0% used [0x00000000ed600000,0x00000000ed600000,0x00000000ed880000)
  to   space 2560K, 0% used [0x00000000ed880000,0x00000000ed880000,0x00000000edb00000)
 ParOldGen       total 35840K, used 4874K [0x00000000c5400000, 0x00000000c7700000, 0x00000000ec700000)
  object space 35840K, 13% used [0x00000000c5400000,0x00000000c58c2840,0x00000000c7700000)
 Metaspace       used 12754K, capacity 12980K, committed 13184K, reserved 1064960K
  class space    used 1492K, capacity 1578K, committed 1664K, reserved 1048576K
}

